<?xml version="1.0" encoding="UTF-8"?>
<testsuite xmlns:xsi="http://www.w3.org/2001/XMLSchema-instance" xsi:noNamespaceSchemaLocation="https://maven.apache.org/surefire/maven-surefire-plugin/xsd/surefire-test-report-3.0.xsd" version="3.0" name="TestSuite" time="17.767" tests="1" errors="0" skipped="0" failures="0">
  <properties>
    <property name="sun.desktop" value="windows"/>
    <property name="awt.toolkit" value="sun.awt.windows.WToolkit"/>
    <property name="java.specification.version" value="11"/>
    <property name="sun.cpu.isalist" value="amd64"/>
    <property name="sun.jnu.encoding" value="Cp1252"/>
    <property name="java.class.path" value="C:\GitProject\Cucumber Framework\whatsapp web\automationwha\target\test-classes;C:\GitProject\Cucumber Framework\whatsapp web\automationwha\target\classes;C:\Users\DineshKumarS\.m2\repository\io\cucumber\cucumber-java\6.10.4\cucumber-java-6.10.4.jar;C:\Users\DineshKumarS\.m2\repository\io\cucumber\cucumber-core\6.10.4\cucumber-core-6.10.4.jar;C:\Users\DineshKumarS\.m2\repository\io\cucumber\cucumber-gherkin\6.10.4\cucumber-gherkin-6.10.4.jar;C:\Users\DineshKumarS\.m2\repository\io\cucumber\cucumber-gherkin-messages\6.10.4\cucumber-gherkin-messages-6.10.4.jar;C:\Users\DineshKumarS\.m2\repository\io\cucumber\messages\15.0.0\messages-15.0.0.jar;C:\Users\DineshKumarS\.m2\repository\io\cucumber\tag-expressions\3.0.1\tag-expressions-3.0.1.jar;C:\Users\DineshKumarS\.m2\repository\io\cucumber\cucumber-expressions\10.3.0\cucumber-expressions-10.3.0.jar;C:\Users\DineshKumarS\.m2\repository\io\cucumber\datatable\3.5.0\datatable-3.5.0.jar;C:\Users\DineshKumarS\.m2\repository\io\cucumber\cucumber-plugin\6.10.4\cucumber-plugin-6.10.4.jar;C:\Users\DineshKumarS\.m2\repository\io\cucumber\docstring\6.10.4\docstring-6.10.4.jar;C:\Users\DineshKumarS\.m2\repository\io\cucumber\html-formatter\13.0.0\html-formatter-13.0.0.jar;C:\Users\DineshKumarS\.m2\repository\io\cucumber\create-meta\4.0.0\create-meta-4.0.0.jar;C:\Users\DineshKumarS\.m2\repository\org\apiguardian\apiguardian-api\1.1.1\apiguardian-api-1.1.1.jar;C:\Users\DineshKumarS\.m2\repository\io\cucumber\cucumber-junit\6.10.4\cucumber-junit-6.10.4.jar;C:\Users\DineshKumarS\.m2\repository\org\robotframework\robotframework-maven-plugin\2.1.0\robotframework-maven-plugin-2.1.0.jar;C:\Users\DineshKumarS\.m2\repository\com\google\guava\guava\30.1-jre\guava-30.1-jre.jar;C:\Users\DineshKumarS\.m2\repository\com\google\guava\failureaccess\1.0.1\failureaccess-1.0.1.jar;C:\Users\DineshKumarS\.m2\repository\com\google\guava\listenablefuture\9999.0-empty-to-avoid-conflict-with-guava\listenablefuture-9999.0-empty-to-avoid-conflict-with-guava.jar;C:\Users\DineshKumarS\.m2\repository\com\google\code\findbugs\jsr305\3.0.2\jsr305-3.0.2.jar;C:\Users\DineshKumarS\.m2\repository\org\checkerframework\checker-qual\3.5.0\checker-qual-3.5.0.jar;C:\Users\DineshKumarS\.m2\repository\com\google\errorprone\error_prone_annotations\2.3.4\error_prone_annotations-2.3.4.jar;C:\Users\DineshKumarS\.m2\repository\com\google\j2objc\j2objc-annotations\1.3\j2objc-annotations-1.3.jar;C:\Users\DineshKumarS\.m2\repository\org\apache\maven\maven-plugin-api\3.6.3\maven-plugin-api-3.6.3.jar;C:\Users\DineshKumarS\.m2\repository\org\apache\maven\maven-model\3.6.3\maven-model-3.6.3.jar;C:\Users\DineshKumarS\.m2\repository\org\eclipse\sisu\org.eclipse.sisu.plexus\0.3.4\org.eclipse.sisu.plexus-0.3.4.jar;C:\Users\DineshKumarS\.m2\repository\javax\enterprise\cdi-api\1.0\cdi-api-1.0.jar;C:\Users\DineshKumarS\.m2\repository\javax\annotation\jsr250-api\1.0\jsr250-api-1.0.jar;C:\Users\DineshKumarS\.m2\repository\org\eclipse\sisu\org.eclipse.sisu.inject\0.3.4\org.eclipse.sisu.inject-0.3.4.jar;C:\Users\DineshKumarS\.m2\repository\org\codehaus\plexus\plexus-component-annotations\1.5.5\plexus-component-annotations-1.5.5.jar;C:\Users\DineshKumarS\.m2\repository\org\codehaus\plexus\plexus-utils\3.2.1\plexus-utils-3.2.1.jar;C:\Users\DineshKumarS\.m2\repository\org\codehaus\plexus\plexus-classworlds\2.6.0\plexus-classworlds-2.6.0.jar;C:\Users\DineshKumarS\.m2\repository\org\robotframework\robotframework\4.1\robotframework-4.1.jar;C:\Users\DineshKumarS\.m2\repository\org\codehaus\plexus\plexus-io\3.2.0\plexus-io-3.2.0.jar;C:\Users\DineshKumarS\.m2\repository\junit\junit\4.11\junit-4.11.jar;C:\Users\DineshKumarS\.m2\repository\org\hamcrest\hamcrest-core\1.3\hamcrest-core-1.3.jar;C:\Users\DineshKumarS\.m2\repository\org\apache\poi\poi\3.6\poi-3.6.jar;C:\Users\DineshKumarS\.m2\repository\commons-logging\commons-logging\1.1\commons-logging-1.1.jar;C:\Users\DineshKumarS\.m2\repository\logkit\logkit\1.0.1\logkit-1.0.1.jar;C:\Users\DineshKumarS\.m2\repository\avalon-framework\avalon-framework\4.1.3\avalon-framework-4.1.3.jar;C:\Users\DineshKumarS\.m2\repository\javax\servlet\servlet-api\2.3\servlet-api-2.3.jar;C:\Users\DineshKumarS\.m2\repository\log4j\log4j\1.2.13\log4j-1.2.13.jar;C:\Users\DineshKumarS\.m2\repository\org\apache\poi\poi-ooxml\3.6\poi-ooxml-3.6.jar;C:\Users\DineshKumarS\.m2\repository\org\apache\poi\poi-ooxml-schemas\3.6\poi-ooxml-schemas-3.6.jar;C:\Users\DineshKumarS\.m2\repository\org\apache\xmlbeans\xmlbeans\2.3.0\xmlbeans-2.3.0.jar;C:\Users\DineshKumarS\.m2\repository\stax\stax-api\1.0.1\stax-api-1.0.1.jar;C:\Users\DineshKumarS\.m2\repository\org\apache\geronimo\specs\geronimo-stax-api_1.0_spec\1.0\geronimo-stax-api_1.0_spec-1.0.jar;C:\Users\DineshKumarS\.m2\repository\dom4j\dom4j\1.6.1\dom4j-1.6.1.jar;C:\Users\DineshKumarS\.m2\repository\xml-apis\xml-apis\1.0.b2\xml-apis-1.0.b2.jar;C:\Users\DineshKumarS\.m2\repository\org\assertj\assertj-core\3.9.1\assertj-core-3.9.1.jar;C:\Users\DineshKumarS\.m2\repository\io\github\bonigarcia\webdrivermanager\4.4.3\webdrivermanager-4.4.3.jar;C:\Users\DineshKumarS\.m2\repository\org\slf4j\slf4j-api\1.7.30\slf4j-api-1.7.30.jar;C:\Users\DineshKumarS\.m2\repository\commons-io\commons-io\2.8.0\commons-io-2.8.0.jar;C:\Users\DineshKumarS\.m2\repository\com\google\code\gson\gson\2.8.6\gson-2.8.6.jar;C:\Users\DineshKumarS\.m2\repository\org\apache\commons\commons-lang3\3.12.0\commons-lang3-3.12.0.jar;C:\Users\DineshKumarS\.m2\repository\org\apache\httpcomponents\client5\httpclient5\5.0.3\httpclient5-5.0.3.jar;C:\Users\DineshKumarS\.m2\repository\org\apache\httpcomponents\core5\httpcore5\5.0.2\httpcore5-5.0.2.jar;C:\Users\DineshKumarS\.m2\repository\org\apache\httpcomponents\core5\httpcore5-h2\5.0.2\httpcore5-h2-5.0.2.jar;C:\Users\DineshKumarS\.m2\repository\org\rauschig\jarchivelib\1.1.0\jarchivelib-1.1.0.jar;C:\Users\DineshKumarS\.m2\repository\org\apache\commons\commons-compress\1.20\commons-compress-1.20.jar;C:\Users\DineshKumarS\.m2\repository\org\jsoup\jsoup\1.13.1\jsoup-1.13.1.jar;C:\Users\DineshKumarS\.m2\repository\org\seleniumhq\selenium\selenium-java\3.141.59\selenium-java-3.141.59.jar;C:\Users\DineshKumarS\.m2\repository\org\seleniumhq\selenium\selenium-api\3.141.59\selenium-api-3.141.59.jar;C:\Users\DineshKumarS\.m2\repository\org\seleniumhq\selenium\selenium-chrome-driver\3.141.59\selenium-chrome-driver-3.141.59.jar;C:\Users\DineshKumarS\.m2\repository\org\seleniumhq\selenium\selenium-edge-driver\3.141.59\selenium-edge-driver-3.141.59.jar;C:\Users\DineshKumarS\.m2\repository\org\seleniumhq\selenium\selenium-firefox-driver\3.141.59\selenium-firefox-driver-3.141.59.jar;C:\Users\DineshKumarS\.m2\repository\org\seleniumhq\selenium\selenium-ie-driver\3.141.59\selenium-ie-driver-3.141.59.jar;C:\Users\DineshKumarS\.m2\repository\org\seleniumhq\selenium\selenium-opera-driver\3.141.59\selenium-opera-driver-3.141.59.jar;C:\Users\DineshKumarS\.m2\repository\org\seleniumhq\selenium\selenium-remote-driver\3.141.59\selenium-remote-driver-3.141.59.jar;C:\Users\DineshKumarS\.m2\repository\org\seleniumhq\selenium\selenium-safari-driver\3.141.59\selenium-safari-driver-3.141.59.jar;C:\Users\DineshKumarS\.m2\repository\org\seleniumhq\selenium\selenium-support\3.141.59\selenium-support-3.141.59.jar;C:\Users\DineshKumarS\.m2\repository\net\bytebuddy\byte-buddy\1.8.15\byte-buddy-1.8.15.jar;C:\Users\DineshKumarS\.m2\repository\org\apache\commons\commons-exec\1.3\commons-exec-1.3.jar;C:\Users\DineshKumarS\.m2\repository\com\squareup\okhttp3\okhttp\3.11.0\okhttp-3.11.0.jar;C:\Users\DineshKumarS\.m2\repository\com\squareup\okio\okio\1.14.0\okio-1.14.0.jar;C:\Users\DineshKumarS\.m2\repository\io\testproject\java-sdk\0.65.3-RELEASE\java-sdk-0.65.3-RELEASE.jar;C:\Users\DineshKumarS\.m2\repository\io\appium\java-client\7.3.0\java-client-7.3.0.jar;C:\Users\DineshKumarS\.m2\repository\cglib\cglib\3.2.12\cglib-3.2.12.jar;C:\Users\DineshKumarS\.m2\repository\org\ow2\asm\asm\7.1\asm-7.1.jar;C:\Users\DineshKumarS\.m2\repository\commons-validator\commons-validator\1.6\commons-validator-1.6.jar;C:\Users\DineshKumarS\.m2\repository\commons-beanutils\commons-beanutils\1.9.2\commons-beanutils-1.9.2.jar;C:\Users\DineshKumarS\.m2\repository\commons-digester\commons-digester\1.8.1\commons-digester-1.8.1.jar;C:\Users\DineshKumarS\.m2\repository\commons-collections\commons-collections\3.2.2\commons-collections-3.2.2.jar;C:\Users\DineshKumarS\.m2\repository\org\springframework\spring-context\5.1.8.RELEASE\spring-context-5.1.8.RELEASE.jar;C:\Users\DineshKumarS\.m2\repository\org\springframework\spring-aop\5.1.8.RELEASE\spring-aop-5.1.8.RELEASE.jar;C:\Users\DineshKumarS\.m2\repository\org\springframework\spring-beans\5.1.8.RELEASE\spring-beans-5.1.8.RELEASE.jar;C:\Users\DineshKumarS\.m2\repository\org\springframework\spring-core\5.1.8.RELEASE\spring-core-5.1.8.RELEASE.jar;C:\Users\DineshKumarS\.m2\repository\org\springframework\spring-jcl\5.1.8.RELEASE\spring-jcl-5.1.8.RELEASE.jar;C:\Users\DineshKumarS\.m2\repository\org\springframework\spring-expression\5.1.8.RELEASE\spring-expression-5.1.8.RELEASE.jar;C:\Users\DineshKumarS\.m2\repository\org\aspectj\aspectjweaver\1.9.4\aspectjweaver-1.9.4.jar;C:\Users\DineshKumarS\.m2\repository\org\junit\jupiter\junit-jupiter-api\5.5.1\junit-jupiter-api-5.5.1.jar;C:\Users\DineshKumarS\.m2\repository\org\opentest4j\opentest4j\1.2.0\opentest4j-1.2.0.jar;C:\Users\DineshKumarS\.m2\repository\org\junit\platform\junit-platform-commons\1.5.1\junit-platform-commons-1.5.1.jar;C:\Users\DineshKumarS\.m2\repository\org\testng\testng\7.1.0\testng-7.1.0.jar;C:\Users\DineshKumarS\.m2\repository\com\beust\jcommander\1.72\jcommander-1.72.jar;C:\Users\DineshKumarS\.m2\repository\com\google\inject\guice\4.1.0\guice-4.1.0-no_aop.jar;C:\Users\DineshKumarS\.m2\repository\javax\inject\javax.inject\1\javax.inject-1.jar;C:\Users\DineshKumarS\.m2\repository\org\yaml\snakeyaml\1.21\snakeyaml-1.21.jar;C:\Users\DineshKumarS\.m2\repository\com\github\spotbugs\spotbugs-annotations\4.0.2\spotbugs-annotations-4.0.2.jar;C:\Users\DineshKumarS\.m2\repository\org\apache\maven\maven-artifact\3.6.3\maven-artifact-3.6.3.jar;C:\Users\DineshKumarS\.m2\repository\org\seleniumhq\selenium\lift\3.4.0\lift-3.4.0.jar;C:\Users\DineshKumarS\.m2\repository\cglib\cglib-nodep\3.2.4\cglib-nodep-3.2.4.jar;C:\Users\DineshKumarS\.m2\repository\commons-codec\commons-codec\1.10\commons-codec-1.10.jar;C:\Users\DineshKumarS\.m2\repository\org\hamcrest\hamcrest-library\1.3\hamcrest-library-1.3.jar;C:\Users\DineshKumarS\.m2\repository\org\apache\httpcomponents\httpclient\4.5.3\httpclient-4.5.3.jar;C:\Users\DineshKumarS\.m2\repository\org\apache\httpcomponents\httpcore\4.4.6\httpcore-4.4.6.jar;C:\Users\DineshKumarS\.m2\repository\net\java\dev\jna\jna\4.1.0\jna-4.1.0.jar;C:\Users\DineshKumarS\.m2\repository\net\java\dev\jna\jna-platform\4.1.0\jna-platform-4.1.0.jar;C:\Users\DineshKumarS\.m2\repository\org\apache\tika\tika-core\1.22\tika-core-1.22.jar;C:\Users\DineshKumarS\.m2\repository\org\sonatype\restsimple\restsimple-webdriver\0.4\restsimple-webdriver-0.4.jar;C:\Users\DineshKumarS\.m2\repository\org\sonatype\restsimple\restsimple-api\0.4\restsimple-api-0.4.jar;C:\Users\DineshKumarS\.m2\repository\com\google\inject\guice\3.0\guice-3.0.jar;C:\Users\DineshKumarS\.m2\repository\org\sonatype\restsimple\restsimple-jaxrs\0.4\restsimple-jaxrs-0.4.jar;C:\Users\DineshKumarS\.m2\repository\com\google\inject\extensions\guice-servlet\3.0\guice-servlet-3.0.jar;C:\Users\DineshKumarS\.m2\repository\asm\asm\3.3.1\asm-3.3.1.jar;C:\Users\DineshKumarS\.m2\repository\asm\asm-util\3.3.1\asm-util-3.3.1.jar;C:\Users\DineshKumarS\.m2\repository\asm\asm-tree\3.3.1\asm-tree-3.3.1.jar;C:\Users\DineshKumarS\.m2\repository\com\sun\jersey\jersey-server\1.5\jersey-server-1.5.jar;C:\Users\DineshKumarS\.m2\repository\com\sun\jersey\jersey-core\1.5\jersey-core-1.5.jar;C:\Users\DineshKumarS\.m2\repository\com\sun\jersey\contribs\jersey-guice\1.5\jersey-guice-1.5.jar;C:\Users\DineshKumarS\.m2\repository\com\sun\jersey\jersey-json\1.5\jersey-json-1.5.jar;C:\Users\DineshKumarS\.m2\repository\org\codehaus\jettison\jettison\1.1\jettison-1.1.jar;C:\Users\DineshKumarS\.m2\repository\com\sun\xml\bind\jaxb-impl\2.2.3\jaxb-impl-2.2.3.jar;C:\Users\DineshKumarS\.m2\repository\javax\xml\bind\jaxb-api\2.2.2\jaxb-api-2.2.2.jar;C:\Users\DineshKumarS\.m2\repository\javax\activation\activation\1.1\activation-1.1.jar;C:\Users\DineshKumarS\.m2\repository\org\codehaus\jackson\jackson-core-asl\1.5.5\jackson-core-asl-1.5.5.jar;C:\Users\DineshKumarS\.m2\repository\org\codehaus\jackson\jackson-mapper-asl\1.5.5\jackson-mapper-asl-1.5.5.jar;C:\Users\DineshKumarS\.m2\repository\org\codehaus\jackson\jackson-jaxrs\1.5.5\jackson-jaxrs-1.5.5.jar;C:\Users\DineshKumarS\.m2\repository\org\codehaus\jackson\jackson-xc\1.5.5\jackson-xc-1.5.5.jar;C:\Users\DineshKumarS\.m2\repository\org\sonatype\restsimple\restsimple-sitebricks\0.4\restsimple-sitebricks-0.4.jar;C:\Users\DineshKumarS\.m2\repository\aopalliance\aopalliance\1.0\aopalliance-1.0.jar;C:\Users\DineshKumarS\.m2\repository\com\google\sitebricks\sitebricks\0.8.5\sitebricks-0.8.5.jar;C:\Users\DineshKumarS\.m2\repository\com\google\sitebricks\sitebricks-converter\0.8.5\sitebricks-converter-0.8.5.jar;C:\Users\DineshKumarS\.m2\repository\com\google\sitebricks\sitebricks-client\0.8.5\sitebricks-client-0.8.5.jar;C:\Users\DineshKumarS\.m2\repository\org\mvel\mvel2\2.0.18\mvel2-2.0.18.jar;C:\Users\DineshKumarS\.m2\repository\net\jcip\jcip-annotations\1.0\jcip-annotations-1.0.jar;C:\Users\DineshKumarS\.m2\repository\com\intellij\annotations\7.0.3\annotations-7.0.3.jar;C:\Users\DineshKumarS\.m2\repository\com\google\inject\extensions\guice-multibindings\3.0\guice-multibindings-3.0.jar;C:\Users\DineshKumarS\.m2\repository\com\ning\async-http-client\1.6.3\async-http-client-1.6.3.jar;C:\Users\DineshKumarS\.m2\repository\org\jboss\netty\netty\3.2.4.Final\netty-3.2.4.Final.jar;C:\Users\DineshKumarS\.m2\repository\commons-lang\commons-lang\2.5\commons-lang-2.5.jar;C:\Users\DineshKumarS\.m2\repository\jaxen\jaxen\1.1.1\jaxen-1.1.1.jar;C:\Users\DineshKumarS\.m2\repository\jdom\jdom\1.0\jdom-1.0.jar;C:\Users\DineshKumarS\.m2\repository\xom\xom\1.0\xom-1.0.jar;C:\Users\DineshKumarS\.m2\repository\xerces\xmlParserAPIs\2.6.2\xmlParserAPIs-2.6.2.jar;C:\Users\DineshKumarS\.m2\repository\xalan\xalan\2.6.0\xalan-2.6.0.jar;C:\Users\DineshKumarS\.m2\repository\com\ibm\icu\icu4j\2.6.1\icu4j-2.6.1.jar;C:\Users\DineshKumarS\.m2\repository\saxpath\saxpath\1.0-FCS\saxpath-1.0-FCS.jar;C:\Users\DineshKumarS\.m2\repository\com\thoughtworks\xstream\xstream\1.3.1\xstream-1.3.1.jar;C:\Users\DineshKumarS\.m2\repository\xpp3\xpp3_min\1.1.4c\xpp3_min-1.1.4c.jar;C:\Users\DineshKumarS\.m2\repository\org\freemarker\freemarker\2.3.10\freemarker-2.3.10.jar;C:\Users\DineshKumarS\.m2\repository\org\eclipse\jetty\jetty-servlet\7.2.1.v20101111\jetty-servlet-7.2.1.v20101111.jar;C:\Users\DineshKumarS\.m2\repository\org\eclipse\jetty\jetty-security\7.2.1.v20101111\jetty-security-7.2.1.v20101111.jar;C:\Users\DineshKumarS\.m2\repository\org\eclipse\jetty\jetty-server\7.2.1.v20101111\jetty-server-7.2.1.v20101111.jar;C:\Users\DineshKumarS\.m2\repository\org\eclipse\jetty\jetty-continuation\7.2.1.v20101111\jetty-continuation-7.2.1.v20101111.jar;C:\Users\DineshKumarS\.m2\repository\org\eclipse\jetty\jetty-http\7.2.1.v20101111\jetty-http-7.2.1.v20101111.jar;C:\Users\DineshKumarS\.m2\repository\org\eclipse\jetty\jetty-io\7.2.1.v20101111\jetty-io-7.2.1.v20101111.jar;C:\Users\DineshKumarS\.m2\repository\org\eclipse\jetty\jetty-util\7.2.1.v20101111\jetty-util-7.2.1.v20101111.jar;C:\Users\DineshKumarS\.m2\repository\com\github\etaty\rediscala_2.11\1.9.0\rediscala_2.11-1.9.0.jar;C:\Users\DineshKumarS\.m2\repository\org\scala-lang\scala-library\2.11.12\scala-library-2.11.12.jar;C:\Users\DineshKumarS\.m2\repository\com\typesafe\akka\akka-actor_2.11\2.5.23\akka-actor_2.11-2.5.23.jar;C:\Users\DineshKumarS\.m2\repository\com\typesafe\config\1.3.3\config-1.3.3.jar;C:\Users\DineshKumarS\.m2\repository\org\scala-lang\modules\scala-java8-compat_2.11\0.7.0\scala-java8-compat_2.11-0.7.0.jar;C:\Users\DineshKumarS\.m2\repository\org\scala-stm\scala-stm_2.11\0.9.1\scala-stm_2.11-0.9.1.jar;"/>
    <property name="java.vm.vendor" value="Oracle Corporation"/>
    <property name="sun.arch.data.model" value="64"/>
    <property name="user.variant" value=""/>
    <property name="java.vendor.url" value="http://java.oracle.com/"/>
    <property name="user.timezone" value="Asia/Calcutta"/>
    <property name="java.vm.specification.version" value="11"/>
    <property name="os.name" value="Windows 10"/>
    <property name="sun.java.launcher" value="SUN_STANDARD"/>
    <property name="user.country" value="US"/>
    <property name="sun.boot.library.path" value="C:\Users\DineshKumarS\Java\jdk-11.0.1\bin"/>
    <property name="sun.java.command" value="C:\Users\DineshKumarS\AppData\Local\Temp\surefire5281177523445216669\surefirebooter18019029605569840609.jar C:\Users\DineshKumarS\AppData\Local\Temp\surefire5281177523445216669 2021-10-27T16-09-29_094-jvmRun1 surefire12567017283384089891tmp surefire_012072845240385613813tmp"/>
    <property name="jdk.debug" value="release"/>
    <property name="surefire.test.class.path" value="C:\GitProject\Cucumber Framework\whatsapp web\automationwha\target\test-classes;C:\GitProject\Cucumber Framework\whatsapp web\automationwha\target\classes;C:\Users\DineshKumarS\.m2\repository\io\cucumber\cucumber-java\6.10.4\cucumber-java-6.10.4.jar;C:\Users\DineshKumarS\.m2\repository\io\cucumber\cucumber-core\6.10.4\cucumber-core-6.10.4.jar;C:\Users\DineshKumarS\.m2\repository\io\cucumber\cucumber-gherkin\6.10.4\cucumber-gherkin-6.10.4.jar;C:\Users\DineshKumarS\.m2\repository\io\cucumber\cucumber-gherkin-messages\6.10.4\cucumber-gherkin-messages-6.10.4.jar;C:\Users\DineshKumarS\.m2\repository\io\cucumber\messages\15.0.0\messages-15.0.0.jar;C:\Users\DineshKumarS\.m2\repository\io\cucumber\tag-expressions\3.0.1\tag-expressions-3.0.1.jar;C:\Users\DineshKumarS\.m2\repository\io\cucumber\cucumber-expressions\10.3.0\cucumber-expressions-10.3.0.jar;C:\Users\DineshKumarS\.m2\repository\io\cucumber\datatable\3.5.0\datatable-3.5.0.jar;C:\Users\DineshKumarS\.m2\repository\io\cucumber\cucumber-plugin\6.10.4\cucumber-plugin-6.10.4.jar;C:\Users\DineshKumarS\.m2\repository\io\cucumber\docstring\6.10.4\docstring-6.10.4.jar;C:\Users\DineshKumarS\.m2\repository\io\cucumber\html-formatter\13.0.0\html-formatter-13.0.0.jar;C:\Users\DineshKumarS\.m2\repository\io\cucumber\create-meta\4.0.0\create-meta-4.0.0.jar;C:\Users\DineshKumarS\.m2\repository\org\apiguardian\apiguardian-api\1.1.1\apiguardian-api-1.1.1.jar;C:\Users\DineshKumarS\.m2\repository\io\cucumber\cucumber-junit\6.10.4\cucumber-junit-6.10.4.jar;C:\Users\DineshKumarS\.m2\repository\org\robotframework\robotframework-maven-plugin\2.1.0\robotframework-maven-plugin-2.1.0.jar;C:\Users\DineshKumarS\.m2\repository\com\google\guava\guava\30.1-jre\guava-30.1-jre.jar;C:\Users\DineshKumarS\.m2\repository\com\google\guava\failureaccess\1.0.1\failureaccess-1.0.1.jar;C:\Users\DineshKumarS\.m2\repository\com\google\guava\listenablefuture\9999.0-empty-to-avoid-conflict-with-guava\listenablefuture-9999.0-empty-to-avoid-conflict-with-guava.jar;C:\Users\DineshKumarS\.m2\repository\com\google\code\findbugs\jsr305\3.0.2\jsr305-3.0.2.jar;C:\Users\DineshKumarS\.m2\repository\org\checkerframework\checker-qual\3.5.0\checker-qual-3.5.0.jar;C:\Users\DineshKumarS\.m2\repository\com\google\errorprone\error_prone_annotations\2.3.4\error_prone_annotations-2.3.4.jar;C:\Users\DineshKumarS\.m2\repository\com\google\j2objc\j2objc-annotations\1.3\j2objc-annotations-1.3.jar;C:\Users\DineshKumarS\.m2\repository\org\apache\maven\maven-plugin-api\3.6.3\maven-plugin-api-3.6.3.jar;C:\Users\DineshKumarS\.m2\repository\org\apache\maven\maven-model\3.6.3\maven-model-3.6.3.jar;C:\Users\DineshKumarS\.m2\repository\org\eclipse\sisu\org.eclipse.sisu.plexus\0.3.4\org.eclipse.sisu.plexus-0.3.4.jar;C:\Users\DineshKumarS\.m2\repository\javax\enterprise\cdi-api\1.0\cdi-api-1.0.jar;C:\Users\DineshKumarS\.m2\repository\javax\annotation\jsr250-api\1.0\jsr250-api-1.0.jar;C:\Users\DineshKumarS\.m2\repository\org\eclipse\sisu\org.eclipse.sisu.inject\0.3.4\org.eclipse.sisu.inject-0.3.4.jar;C:\Users\DineshKumarS\.m2\repository\org\codehaus\plexus\plexus-component-annotations\1.5.5\plexus-component-annotations-1.5.5.jar;C:\Users\DineshKumarS\.m2\repository\org\codehaus\plexus\plexus-utils\3.2.1\plexus-utils-3.2.1.jar;C:\Users\DineshKumarS\.m2\repository\org\codehaus\plexus\plexus-classworlds\2.6.0\plexus-classworlds-2.6.0.jar;C:\Users\DineshKumarS\.m2\repository\org\robotframework\robotframework\4.1\robotframework-4.1.jar;C:\Users\DineshKumarS\.m2\repository\org\codehaus\plexus\plexus-io\3.2.0\plexus-io-3.2.0.jar;C:\Users\DineshKumarS\.m2\repository\junit\junit\4.11\junit-4.11.jar;C:\Users\DineshKumarS\.m2\repository\org\hamcrest\hamcrest-core\1.3\hamcrest-core-1.3.jar;C:\Users\DineshKumarS\.m2\repository\org\apache\poi\poi\3.6\poi-3.6.jar;C:\Users\DineshKumarS\.m2\repository\commons-logging\commons-logging\1.1\commons-logging-1.1.jar;C:\Users\DineshKumarS\.m2\repository\logkit\logkit\1.0.1\logkit-1.0.1.jar;C:\Users\DineshKumarS\.m2\repository\avalon-framework\avalon-framework\4.1.3\avalon-framework-4.1.3.jar;C:\Users\DineshKumarS\.m2\repository\javax\servlet\servlet-api\2.3\servlet-api-2.3.jar;C:\Users\DineshKumarS\.m2\repository\log4j\log4j\1.2.13\log4j-1.2.13.jar;C:\Users\DineshKumarS\.m2\repository\org\apache\poi\poi-ooxml\3.6\poi-ooxml-3.6.jar;C:\Users\DineshKumarS\.m2\repository\org\apache\poi\poi-ooxml-schemas\3.6\poi-ooxml-schemas-3.6.jar;C:\Users\DineshKumarS\.m2\repository\org\apache\xmlbeans\xmlbeans\2.3.0\xmlbeans-2.3.0.jar;C:\Users\DineshKumarS\.m2\repository\stax\stax-api\1.0.1\stax-api-1.0.1.jar;C:\Users\DineshKumarS\.m2\repository\org\apache\geronimo\specs\geronimo-stax-api_1.0_spec\1.0\geronimo-stax-api_1.0_spec-1.0.jar;C:\Users\DineshKumarS\.m2\repository\dom4j\dom4j\1.6.1\dom4j-1.6.1.jar;C:\Users\DineshKumarS\.m2\repository\xml-apis\xml-apis\1.0.b2\xml-apis-1.0.b2.jar;C:\Users\DineshKumarS\.m2\repository\org\assertj\assertj-core\3.9.1\assertj-core-3.9.1.jar;C:\Users\DineshKumarS\.m2\repository\io\github\bonigarcia\webdrivermanager\4.4.3\webdrivermanager-4.4.3.jar;C:\Users\DineshKumarS\.m2\repository\org\slf4j\slf4j-api\1.7.30\slf4j-api-1.7.30.jar;C:\Users\DineshKumarS\.m2\repository\commons-io\commons-io\2.8.0\commons-io-2.8.0.jar;C:\Users\DineshKumarS\.m2\repository\com\google\code\gson\gson\2.8.6\gson-2.8.6.jar;C:\Users\DineshKumarS\.m2\repository\org\apache\commons\commons-lang3\3.12.0\commons-lang3-3.12.0.jar;C:\Users\DineshKumarS\.m2\repository\org\apache\httpcomponents\client5\httpclient5\5.0.3\httpclient5-5.0.3.jar;C:\Users\DineshKumarS\.m2\repository\org\apache\httpcomponents\core5\httpcore5\5.0.2\httpcore5-5.0.2.jar;C:\Users\DineshKumarS\.m2\repository\org\apache\httpcomponents\core5\httpcore5-h2\5.0.2\httpcore5-h2-5.0.2.jar;C:\Users\DineshKumarS\.m2\repository\org\rauschig\jarchivelib\1.1.0\jarchivelib-1.1.0.jar;C:\Users\DineshKumarS\.m2\repository\org\apache\commons\commons-compress\1.20\commons-compress-1.20.jar;C:\Users\DineshKumarS\.m2\repository\org\jsoup\jsoup\1.13.1\jsoup-1.13.1.jar;C:\Users\DineshKumarS\.m2\repository\org\seleniumhq\selenium\selenium-java\3.141.59\selenium-java-3.141.59.jar;C:\Users\DineshKumarS\.m2\repository\org\seleniumhq\selenium\selenium-api\3.141.59\selenium-api-3.141.59.jar;C:\Users\DineshKumarS\.m2\repository\org\seleniumhq\selenium\selenium-chrome-driver\3.141.59\selenium-chrome-driver-3.141.59.jar;C:\Users\DineshKumarS\.m2\repository\org\seleniumhq\selenium\selenium-edge-driver\3.141.59\selenium-edge-driver-3.141.59.jar;C:\Users\DineshKumarS\.m2\repository\org\seleniumhq\selenium\selenium-firefox-driver\3.141.59\selenium-firefox-driver-3.141.59.jar;C:\Users\DineshKumarS\.m2\repository\org\seleniumhq\selenium\selenium-ie-driver\3.141.59\selenium-ie-driver-3.141.59.jar;C:\Users\DineshKumarS\.m2\repository\org\seleniumhq\selenium\selenium-opera-driver\3.141.59\selenium-opera-driver-3.141.59.jar;C:\Users\DineshKumarS\.m2\repository\org\seleniumhq\selenium\selenium-remote-driver\3.141.59\selenium-remote-driver-3.141.59.jar;C:\Users\DineshKumarS\.m2\repository\org\seleniumhq\selenium\selenium-safari-driver\3.141.59\selenium-safari-driver-3.141.59.jar;C:\Users\DineshKumarS\.m2\repository\org\seleniumhq\selenium\selenium-support\3.141.59\selenium-support-3.141.59.jar;C:\Users\DineshKumarS\.m2\repository\net\bytebuddy\byte-buddy\1.8.15\byte-buddy-1.8.15.jar;C:\Users\DineshKumarS\.m2\repository\org\apache\commons\commons-exec\1.3\commons-exec-1.3.jar;C:\Users\DineshKumarS\.m2\repository\com\squareup\okhttp3\okhttp\3.11.0\okhttp-3.11.0.jar;C:\Users\DineshKumarS\.m2\repository\com\squareup\okio\okio\1.14.0\okio-1.14.0.jar;C:\Users\DineshKumarS\.m2\repository\io\testproject\java-sdk\0.65.3-RELEASE\java-sdk-0.65.3-RELEASE.jar;C:\Users\DineshKumarS\.m2\repository\io\appium\java-client\7.3.0\java-client-7.3.0.jar;C:\Users\DineshKumarS\.m2\repository\cglib\cglib\3.2.12\cglib-3.2.12.jar;C:\Users\DineshKumarS\.m2\repository\org\ow2\asm\asm\7.1\asm-7.1.jar;C:\Users\DineshKumarS\.m2\repository\commons-validator\commons-validator\1.6\commons-validator-1.6.jar;C:\Users\DineshKumarS\.m2\repository\commons-beanutils\commons-beanutils\1.9.2\commons-beanutils-1.9.2.jar;C:\Users\DineshKumarS\.m2\repository\commons-digester\commons-digester\1.8.1\commons-digester-1.8.1.jar;C:\Users\DineshKumarS\.m2\repository\commons-collections\commons-collections\3.2.2\commons-collections-3.2.2.jar;C:\Users\DineshKumarS\.m2\repository\org\springframework\spring-context\5.1.8.RELEASE\spring-context-5.1.8.RELEASE.jar;C:\Users\DineshKumarS\.m2\repository\org\springframework\spring-aop\5.1.8.RELEASE\spring-aop-5.1.8.RELEASE.jar;C:\Users\DineshKumarS\.m2\repository\org\springframework\spring-beans\5.1.8.RELEASE\spring-beans-5.1.8.RELEASE.jar;C:\Users\DineshKumarS\.m2\repository\org\springframework\spring-core\5.1.8.RELEASE\spring-core-5.1.8.RELEASE.jar;C:\Users\DineshKumarS\.m2\repository\org\springframework\spring-jcl\5.1.8.RELEASE\spring-jcl-5.1.8.RELEASE.jar;C:\Users\DineshKumarS\.m2\repository\org\springframework\spring-expression\5.1.8.RELEASE\spring-expression-5.1.8.RELEASE.jar;C:\Users\DineshKumarS\.m2\repository\org\aspectj\aspectjweaver\1.9.4\aspectjweaver-1.9.4.jar;C:\Users\DineshKumarS\.m2\repository\org\junit\jupiter\junit-jupiter-api\5.5.1\junit-jupiter-api-5.5.1.jar;C:\Users\DineshKumarS\.m2\repository\org\opentest4j\opentest4j\1.2.0\opentest4j-1.2.0.jar;C:\Users\DineshKumarS\.m2\repository\org\junit\platform\junit-platform-commons\1.5.1\junit-platform-commons-1.5.1.jar;C:\Users\DineshKumarS\.m2\repository\org\testng\testng\7.1.0\testng-7.1.0.jar;C:\Users\DineshKumarS\.m2\repository\com\beust\jcommander\1.72\jcommander-1.72.jar;C:\Users\DineshKumarS\.m2\repository\com\google\inject\guice\4.1.0\guice-4.1.0-no_aop.jar;C:\Users\DineshKumarS\.m2\repository\javax\inject\javax.inject\1\javax.inject-1.jar;C:\Users\DineshKumarS\.m2\repository\org\yaml\snakeyaml\1.21\snakeyaml-1.21.jar;C:\Users\DineshKumarS\.m2\repository\com\github\spotbugs\spotbugs-annotations\4.0.2\spotbugs-annotations-4.0.2.jar;C:\Users\DineshKumarS\.m2\repository\org\apache\maven\maven-artifact\3.6.3\maven-artifact-3.6.3.jar;C:\Users\DineshKumarS\.m2\repository\org\seleniumhq\selenium\lift\3.4.0\lift-3.4.0.jar;C:\Users\DineshKumarS\.m2\repository\cglib\cglib-nodep\3.2.4\cglib-nodep-3.2.4.jar;C:\Users\DineshKumarS\.m2\repository\commons-codec\commons-codec\1.10\commons-codec-1.10.jar;C:\Users\DineshKumarS\.m2\repository\org\hamcrest\hamcrest-library\1.3\hamcrest-library-1.3.jar;C:\Users\DineshKumarS\.m2\repository\org\apache\httpcomponents\httpclient\4.5.3\httpclient-4.5.3.jar;C:\Users\DineshKumarS\.m2\repository\org\apache\httpcomponents\httpcore\4.4.6\httpcore-4.4.6.jar;C:\Users\DineshKumarS\.m2\repository\net\java\dev\jna\jna\4.1.0\jna-4.1.0.jar;C:\Users\DineshKumarS\.m2\repository\net\java\dev\jna\jna-platform\4.1.0\jna-platform-4.1.0.jar;C:\Users\DineshKumarS\.m2\repository\org\apache\tika\tika-core\1.22\tika-core-1.22.jar;C:\Users\DineshKumarS\.m2\repository\org\sonatype\restsimple\restsimple-webdriver\0.4\restsimple-webdriver-0.4.jar;C:\Users\DineshKumarS\.m2\repository\org\sonatype\restsimple\restsimple-api\0.4\restsimple-api-0.4.jar;C:\Users\DineshKumarS\.m2\repository\com\google\inject\guice\3.0\guice-3.0.jar;C:\Users\DineshKumarS\.m2\repository\org\sonatype\restsimple\restsimple-jaxrs\0.4\restsimple-jaxrs-0.4.jar;C:\Users\DineshKumarS\.m2\repository\com\google\inject\extensions\guice-servlet\3.0\guice-servlet-3.0.jar;C:\Users\DineshKumarS\.m2\repository\asm\asm\3.3.1\asm-3.3.1.jar;C:\Users\DineshKumarS\.m2\repository\asm\asm-util\3.3.1\asm-util-3.3.1.jar;C:\Users\DineshKumarS\.m2\repository\asm\asm-tree\3.3.1\asm-tree-3.3.1.jar;C:\Users\DineshKumarS\.m2\repository\com\sun\jersey\jersey-server\1.5\jersey-server-1.5.jar;C:\Users\DineshKumarS\.m2\repository\com\sun\jersey\jersey-core\1.5\jersey-core-1.5.jar;C:\Users\DineshKumarS\.m2\repository\com\sun\jersey\contribs\jersey-guice\1.5\jersey-guice-1.5.jar;C:\Users\DineshKumarS\.m2\repository\com\sun\jersey\jersey-json\1.5\jersey-json-1.5.jar;C:\Users\DineshKumarS\.m2\repository\org\codehaus\jettison\jettison\1.1\jettison-1.1.jar;C:\Users\DineshKumarS\.m2\repository\com\sun\xml\bind\jaxb-impl\2.2.3\jaxb-impl-2.2.3.jar;C:\Users\DineshKumarS\.m2\repository\javax\xml\bind\jaxb-api\2.2.2\jaxb-api-2.2.2.jar;C:\Users\DineshKumarS\.m2\repository\javax\activation\activation\1.1\activation-1.1.jar;C:\Users\DineshKumarS\.m2\repository\org\codehaus\jackson\jackson-core-asl\1.5.5\jackson-core-asl-1.5.5.jar;C:\Users\DineshKumarS\.m2\repository\org\codehaus\jackson\jackson-mapper-asl\1.5.5\jackson-mapper-asl-1.5.5.jar;C:\Users\DineshKumarS\.m2\repository\org\codehaus\jackson\jackson-jaxrs\1.5.5\jackson-jaxrs-1.5.5.jar;C:\Users\DineshKumarS\.m2\repository\org\codehaus\jackson\jackson-xc\1.5.5\jackson-xc-1.5.5.jar;C:\Users\DineshKumarS\.m2\repository\org\sonatype\restsimple\restsimple-sitebricks\0.4\restsimple-sitebricks-0.4.jar;C:\Users\DineshKumarS\.m2\repository\aopalliance\aopalliance\1.0\aopalliance-1.0.jar;C:\Users\DineshKumarS\.m2\repository\com\google\sitebricks\sitebricks\0.8.5\sitebricks-0.8.5.jar;C:\Users\DineshKumarS\.m2\repository\com\google\sitebricks\sitebricks-converter\0.8.5\sitebricks-converter-0.8.5.jar;C:\Users\DineshKumarS\.m2\repository\com\google\sitebricks\sitebricks-client\0.8.5\sitebricks-client-0.8.5.jar;C:\Users\DineshKumarS\.m2\repository\org\mvel\mvel2\2.0.18\mvel2-2.0.18.jar;C:\Users\DineshKumarS\.m2\repository\net\jcip\jcip-annotations\1.0\jcip-annotations-1.0.jar;C:\Users\DineshKumarS\.m2\repository\com\intellij\annotations\7.0.3\annotations-7.0.3.jar;C:\Users\DineshKumarS\.m2\repository\com\google\inject\extensions\guice-multibindings\3.0\guice-multibindings-3.0.jar;C:\Users\DineshKumarS\.m2\repository\com\ning\async-http-client\1.6.3\async-http-client-1.6.3.jar;C:\Users\DineshKumarS\.m2\repository\org\jboss\netty\netty\3.2.4.Final\netty-3.2.4.Final.jar;C:\Users\DineshKumarS\.m2\repository\commons-lang\commons-lang\2.5\commons-lang-2.5.jar;C:\Users\DineshKumarS\.m2\repository\jaxen\jaxen\1.1.1\jaxen-1.1.1.jar;C:\Users\DineshKumarS\.m2\repository\jdom\jdom\1.0\jdom-1.0.jar;C:\Users\DineshKumarS\.m2\repository\xom\xom\1.0\xom-1.0.jar;C:\Users\DineshKumarS\.m2\repository\xerces\xmlParserAPIs\2.6.2\xmlParserAPIs-2.6.2.jar;C:\Users\DineshKumarS\.m2\repository\xalan\xalan\2.6.0\xalan-2.6.0.jar;C:\Users\DineshKumarS\.m2\repository\com\ibm\icu\icu4j\2.6.1\icu4j-2.6.1.jar;C:\Users\DineshKumarS\.m2\repository\saxpath\saxpath\1.0-FCS\saxpath-1.0-FCS.jar;C:\Users\DineshKumarS\.m2\repository\com\thoughtworks\xstream\xstream\1.3.1\xstream-1.3.1.jar;C:\Users\DineshKumarS\.m2\repository\xpp3\xpp3_min\1.1.4c\xpp3_min-1.1.4c.jar;C:\Users\DineshKumarS\.m2\repository\org\freemarker\freemarker\2.3.10\freemarker-2.3.10.jar;C:\Users\DineshKumarS\.m2\repository\org\eclipse\jetty\jetty-servlet\7.2.1.v20101111\jetty-servlet-7.2.1.v20101111.jar;C:\Users\DineshKumarS\.m2\repository\org\eclipse\jetty\jetty-security\7.2.1.v20101111\jetty-security-7.2.1.v20101111.jar;C:\Users\DineshKumarS\.m2\repository\org\eclipse\jetty\jetty-server\7.2.1.v20101111\jetty-server-7.2.1.v20101111.jar;C:\Users\DineshKumarS\.m2\repository\org\eclipse\jetty\jetty-continuation\7.2.1.v20101111\jetty-continuation-7.2.1.v20101111.jar;C:\Users\DineshKumarS\.m2\repository\org\eclipse\jetty\jetty-http\7.2.1.v20101111\jetty-http-7.2.1.v20101111.jar;C:\Users\DineshKumarS\.m2\repository\org\eclipse\jetty\jetty-io\7.2.1.v20101111\jetty-io-7.2.1.v20101111.jar;C:\Users\DineshKumarS\.m2\repository\org\eclipse\jetty\jetty-util\7.2.1.v20101111\jetty-util-7.2.1.v20101111.jar;C:\Users\DineshKumarS\.m2\repository\com\github\etaty\rediscala_2.11\1.9.0\rediscala_2.11-1.9.0.jar;C:\Users\DineshKumarS\.m2\repository\org\scala-lang\scala-library\2.11.12\scala-library-2.11.12.jar;C:\Users\DineshKumarS\.m2\repository\com\typesafe\akka\akka-actor_2.11\2.5.23\akka-actor_2.11-2.5.23.jar;C:\Users\DineshKumarS\.m2\repository\com\typesafe\config\1.3.3\config-1.3.3.jar;C:\Users\DineshKumarS\.m2\repository\org\scala-lang\modules\scala-java8-compat_2.11\0.7.0\scala-java8-compat_2.11-0.7.0.jar;C:\Users\DineshKumarS\.m2\repository\org\scala-stm\scala-stm_2.11\0.9.1\scala-stm_2.11-0.9.1.jar;"/>
    <property name="sun.cpu.endian" value="little"/>
    <property name="user.home" value="C:\Users\DineshKumarS"/>
    <property name="user.language" value="en"/>
    <property name="java.specification.vendor" value="Oracle Corporation"/>
    <property name="java.version.date" value="2018-10-16"/>
    <property name="java.home" value="C:\Users\DineshKumarS\Java\jdk-11.0.1"/>
    <property name="file.separator" value="\"/>
    <property name="basedir" value="C:\GitProject\Cucumber Framework\whatsapp web\automationwha"/>
    <property name="java.vm.compressedOopsMode" value="Zero based"/>
    <property name="line.separator" value="&#10;"/>
    <property name="java.specification.name" value="Java Platform API Specification"/>
    <property name="java.vm.specification.vendor" value="Oracle Corporation"/>
    <property name="java.awt.graphicsenv" value="sun.awt.Win32GraphicsEnvironment"/>
    <property name="surefire.real.class.path" value="C:\Users\DineshKumarS\AppData\Local\Temp\surefire5281177523445216669\surefirebooter18019029605569840609.jar"/>
    <property name="user.script" value=""/>
    <property name="sun.management.compiler" value="HotSpot 64-Bit Tiered Compilers"/>
    <property name="java.runtime.version" value="11.0.1+13"/>
    <property name="user.name" value="DineshKumarS"/>
    <property name="path.separator" value=";"/>
    <property name="os.version" value="10.0"/>
    <property name="java.runtime.name" value="OpenJDK Runtime Environment"/>
    <property name="file.encoding" value="Cp1252"/>
    <property name="java.vm.name" value="OpenJDK 64-Bit Server VM"/>
    <property name="java.vendor.version" value="18.9"/>
    <property name="localRepository" value="C:\Users\DineshKumarS\.m2\repository"/>
    <property name="java.vendor.url.bug" value="http://bugreport.java.com/bugreport/"/>
    <property name="java.io.tmpdir" value="C:\Users\DINESH~1\AppData\Local\Temp\"/>
    <property name="java.version" value="11.0.1"/>
    <property name="user.dir" value="C:\GitProject\Cucumber Framework\whatsapp web\automationwha"/>
    <property name="os.arch" value="amd64"/>
    <property name="java.vm.specification.name" value="Java Virtual Machine Specification"/>
    <property name="java.awt.printerjob" value="sun.awt.windows.WPrinterJob"/>
    <property name="sun.os.patch.level" value=""/>
    <property name="java.library.path" value="C:\Users\DineshKumarS\Java\jdk-11.0.1\bin;C:\Windows\Sun\Java\bin;C:\Windows\system32;C:\Windows;C:\Users\DineshKumarS\Java\Maven\apache-maven-3.8.3\bin;C:\Program Files (x86)\Common Files\Oracle\Java\javapath;C:\Windows\system32;C:\Windows;C:\Windows\System32\Wbem;C:\Windows\System32\WindowsPowerShell\v1.0\;C:\Windows\System32\OpenSSH\;C:\Program Files\Git\cmd;C:\Users\DineshKumarS\AppData\Local\Microsoft\WindowsApps;C:\Users\DineshKumarS\AppData\Local\Programs\Microsoft VS Code\bin;C:\Users\DineshKumarS\AppData\Local\GitHubDesktop\bin;."/>
    <property name="java.vendor" value="Oracle Corporation"/>
    <property name="java.vm.info" value="mixed mode"/>
    <property name="java.vm.version" value="11.0.1+13"/>
    <property name="sun.io.unicode.encoding" value="UnicodeLittle"/>
    <property name="java.class.version" value="55.0"/>
  </properties>
  <testcase name="shouldAnswerWithTrue on shouldAnswerWithTrue(com.whatsapp.AppTest)" classname="com.whatsapp.AppTest" time="0.001"/>
</testsuite>