<?xml version="1.0" encoding="UTF-8"?>
<!-- Generated by org.testng.reporters.JUnitReportReporter -->
<testsuite hostname="DESKTOP-CE8SJ3K" failures="0" tests="1" name="com.whatsapp.AppTest" time="0.003" errors="0" timestamp="2021-10-27T13:51:20 IST" skipped="0">
  <testcase classname="com.whatsapp.AppTest" name="shouldAnswerWithTrue" time="0.003"/>
  <system-out/>
</testsuite> <!-- com.whatsapp.AppTest -->
