<?xml version="1.0" encoding="UTF-8"?>
<!-- Generated by org.testng.reporters.JUnitReportReporter -->
<testsuite hostname="DESKTOP-N00LOFS" failures="0" tests="1" name="com.whatsapp.AppTest" time="0.005" errors="0" timestamp="2021-10-16T18:28:13 IST" skipped="0">
  <testcase classname="com.whatsapp.AppTest" name="shouldAnswerWithTrue" time="0.005"/>
  <system-out/>
</testsuite> <!-- com.whatsapp.AppTest -->
